<?xml version="1.0" encoding="utf-8"?>
<TestRun id="52ce11cc-6857-435b-8de8-dd96549b293d" name="@mansoor 2021-05-19 15:59:13" xmlns="http://microsoft.com/schemas/VisualStudio/TeamTest/2010">
  <Times creation="2021-05-19T15:59:13.1453790-04:00" queuing="2021-05-19T15:59:13.1453791-04:00" start="2021-05-19T15:59:12.2921380-04:00" finish="2021-05-19T15:59:13.1512594-04:00" />
  <TestSettings name="default" id="fccc3fc1-9eb5-4e7f-9ac9-2ddce29d2fe8">
    <Deployment runDeploymentRoot="_mansoor_2021-05-19_15_59_13" />
  </TestSettings>
  <Results>
    <UnitTestResult executionId="9dd65fbb-d88a-4415-8b9d-b5b3eb6c6d19" testId="050bf850-4741-1776-76d8-39064999e084" testName="Rooster.Test.UserTest.UserConstructor" computerName="mansoor" duration="00:00:00.0002691" startTime="2021-05-19T15:59:13.0614212-04:00" endTime="2021-05-19T15:59:13.0614213-04:00" testType="13cdc9d9-ddb5-4fa4-a97d-d965ccfc6d4b" outcome="Passed" testListId="8c84fa94-04c1-424b-9868-57a2d4851a1d" relativeResultsDirectory="9dd65fbb-d88a-4415-8b9d-b5b3eb6c6d19" />
    <UnitTestResult executionId="203f0bcf-5b54-44ff-91eb-0c36f6f6891f" testId="f1b42188-9708-1593-5d4e-3f21919c8203" testName="Rooster.Test.EventTest.FailSetEndTime" computerName="mansoor" duration="00:00:00.0033118" startTime="2021-05-19T15:59:13.0579664-04:00" endTime="2021-05-19T15:59:13.0580215-04:00" testType="13cdc9d9-ddb5-4fa4-a97d-d965ccfc6d4b" outcome="Passed" testListId="8c84fa94-04c1-424b-9868-57a2d4851a1d" relativeResultsDirectory="203f0bcf-5b54-44ff-91eb-0c36f6f6891f" />
    <UnitTestResult executionId="450f5097-bcd3-4100-9046-f662460b321c" testId="9ad9caf1-dd30-9010-281b-59aebd352e3f" testName="Rooster.Test.UserTest.DuplicateEvents" computerName="mansoor" duration="00:00:00.0033118" startTime="2021-05-19T15:59:13.0606632-04:00" endTime="2021-05-19T15:59:13.0606634-04:00" testType="13cdc9d9-ddb5-4fa4-a97d-d965ccfc6d4b" outcome="Passed" testListId="8c84fa94-04c1-424b-9868-57a2d4851a1d" relativeResultsDirectory="450f5097-bcd3-4100-9046-f662460b321c" />
    <UnitTestResult executionId="28d28156-8091-48b5-8f4a-68713d5402af" testId="ee60ad02-e61a-aa09-c248-0cb6fb564913" testName="Rooster.Test.EventTest.EventCreation" computerName="mansoor" duration="00:00:00.0002691" startTime="2021-05-19T15:59:13.0614305-04:00" endTime="2021-05-19T15:59:13.0614305-04:00" testType="13cdc9d9-ddb5-4fa4-a97d-d965ccfc6d4b" outcome="Passed" testListId="8c84fa94-04c1-424b-9868-57a2d4851a1d" relativeResultsDirectory="28d28156-8091-48b5-8f4a-68713d5402af" />
  </Results>
  <TestDefinitions>
    <UnitTest name="Rooster.Test.EventTest.FailSetEndTime" storage="/home/mfaqiri/revature/rooster/rooster.test/bin/debug/net5.0/rooster.test.dll" id="f1b42188-9708-1593-5d4e-3f21919c8203">
      <Execution id="203f0bcf-5b54-44ff-91eb-0c36f6f6891f" />
      <TestMethod codeBase="/home/mfaqiri/revature/rooster/Rooster.Test/bin/Debug/net5.0/Rooster.Test.dll" adapterTypeName="executor://xunit/VsTestRunner2/netcoreapp" className="Rooster.Test.EventTest" name="FailSetEndTime" />
    </UnitTest>
    <UnitTest name="Rooster.Test.UserTest.DuplicateEvents" storage="/home/mfaqiri/revature/rooster/rooster.test/bin/debug/net5.0/rooster.test.dll" id="9ad9caf1-dd30-9010-281b-59aebd352e3f">
      <Execution id="450f5097-bcd3-4100-9046-f662460b321c" />
      <TestMethod codeBase="/home/mfaqiri/revature/rooster/Rooster.Test/bin/Debug/net5.0/Rooster.Test.dll" adapterTypeName="executor://xunit/VsTestRunner2/netcoreapp" className="Rooster.Test.UserTest" name="DuplicateEvents" />
    </UnitTest>
    <UnitTest name="Rooster.Test.UserTest.UserConstructor" storage="/home/mfaqiri/revature/rooster/rooster.test/bin/debug/net5.0/rooster.test.dll" id="050bf850-4741-1776-76d8-39064999e084">
      <Execution id="9dd65fbb-d88a-4415-8b9d-b5b3eb6c6d19" />
      <TestMethod codeBase="/home/mfaqiri/revature/rooster/Rooster.Test/bin/Debug/net5.0/Rooster.Test.dll" adapterTypeName="executor://xunit/VsTestRunner2/netcoreapp" className="Rooster.Test.UserTest" name="UserConstructor" />
    </UnitTest>
    <UnitTest name="Rooster.Test.EventTest.EventCreation" storage="/home/mfaqiri/revature/rooster/rooster.test/bin/debug/net5.0/rooster.test.dll" id="ee60ad02-e61a-aa09-c248-0cb6fb564913">
      <Execution id="28d28156-8091-48b5-8f4a-68713d5402af" />
      <TestMethod codeBase="/home/mfaqiri/revature/rooster/Rooster.Test/bin/Debug/net5.0/Rooster.Test.dll" adapterTypeName="executor://xunit/VsTestRunner2/netcoreapp" className="Rooster.Test.EventTest" name="EventCreation" />
    </UnitTest>
  </TestDefinitions>
  <TestEntries>
    <TestEntry testId="050bf850-4741-1776-76d8-39064999e084" executionId="9dd65fbb-d88a-4415-8b9d-b5b3eb6c6d19" testListId="8c84fa94-04c1-424b-9868-57a2d4851a1d" />
    <TestEntry testId="f1b42188-9708-1593-5d4e-3f21919c8203" executionId="203f0bcf-5b54-44ff-91eb-0c36f6f6891f" testListId="8c84fa94-04c1-424b-9868-57a2d4851a1d" />
    <TestEntry testId="9ad9caf1-dd30-9010-281b-59aebd352e3f" executionId="450f5097-bcd3-4100-9046-f662460b321c" testListId="8c84fa94-04c1-424b-9868-57a2d4851a1d" />
    <TestEntry testId="ee60ad02-e61a-aa09-c248-0cb6fb564913" executionId="28d28156-8091-48b5-8f4a-68713d5402af" testListId="8c84fa94-04c1-424b-9868-57a2d4851a1d" />
  </TestEntries>
  <TestLists>
    <TestList name="Results Not in a List" id="8c84fa94-04c1-424b-9868-57a2d4851a1d" />
    <TestList name="All Loaded Results" id="19431567-8539-422a-85d7-44ee4e166bda" />
  </TestLists>
  <ResultSummary outcome="Completed">
    <Counters total="4" executed="4" passed="4" failed="0" error="0" timeout="0" aborted="0" inconclusive="0" passedButRunAborted="0" notRunnable="0" notExecuted="0" disconnected="0" warning="0" completed="0" inProgress="0" pending="0" />
    <Output>
      <StdOut>[xUnit.net 00:00:00.00] xUnit.net VSTest Adapter v2.4.3+1b45f5407b (64-bit .NET 5.0.6)
[xUnit.net 00:00:00.28]   Discovering: Rooster.Test
[xUnit.net 00:00:00.30]   Discovered:  Rooster.Test
[xUnit.net 00:00:00.31]   Starting:    Rooster.Test
[xUnit.net 00:00:00.37]   Finished:    Rooster.Test
</StdOut>
    </Output>
  </ResultSummary>
</TestRun>